<?xml version="1.0" encoding="UTF-8"?>
<!-- Generated by org.testng.reporters.JUnitReportReporter -->
<testsuite hostname="LAPTOP-PFQSV1LO" name="Selenium.TestngAnnotation" tests="1" failures="0" timestamp="7 Jun 2021 04:12:53 GMT" time="0.008" errors="0">
  <testcase name="testCase1" time="0.008" classname="Selenium.TestngAnnotation"/>
</testsuite> <!-- Selenium.TestngAnnotation -->
